2024-12-14 15:33:13,639 [Worker-1: Loading available Gradle versions] INFO  o.e.b.c.i.u.g.PublishedGradleVersions - Gradle version information cache is not available. Remote download required.
2024-12-14 15:33:48,198 [Worker-5: Importing Maven projects] ERROR o.e.m.c.i.p.ProjectConfigurationManager - Project carmanagement already exists
2024-12-14 15:33:52,720 [Worker-5: Importing Maven projects] INFO  o.e.m.c.i.l.LifecycleMappingFactory - Using org.eclipse.m2e.jdt.JarLifecycleMapping lifecycle mapping for MavenProject: com.example:BookingService:0.0.1-SNAPSHOT @ C:\Users\adityraj\OneDrive - Capgemini\Desktop\Project\my-backend\BookingService 1\BookingService\pom.xml.
2024-12-14 15:33:53,968 [Worker-5: Importing Maven projects] INFO  o.e.m.c.i.l.LifecycleMappingFactory - Using org.eclipse.m2e.jdt.JarLifecycleMapping lifecycle mapping for MavenProject: com.casestudy:carmanagement:0.0.1-SNAPSHOT @ C:\Users\adityraj\OneDrive - Capgemini\Desktop\Project\my-backend\CarManagement (3)\CarManagement\pom.xml.
2024-12-14 15:33:54,268 [Worker-5: Importing Maven projects] INFO  o.e.m.c.i.l.LifecycleMappingFactory - Using org.eclipse.m2e.jdt.JarLifecycleMapping lifecycle mapping for MavenProject: com.example:LoginService:0.0.1-SNAPSHOT @ C:\Users\adityraj\OneDrive - Capgemini\Desktop\Project\my-backend\LoginService 2\LoginService\pom.xml.
2024-12-14 15:33:54,708 [Worker-5: Importing Maven projects] INFO  o.e.m.c.i.l.LifecycleMappingFactory - Using org.eclipse.m2e.jdt.JarLifecycleMapping lifecycle mapping for MavenProject: com.example:Registration:0.0.1-SNAPSHOT @ C:\Users\adityraj\OneDrive - Capgemini\Desktop\Project\my-backend\Registration 5\Registration\pom.xml.
2024-12-14 15:33:57,616 [Worker-5: Importing Maven projects] INFO  o.e.m.j.i.AbstractJavaProjectConfigurator - Adding source folder /carmanagement/src/main/java
2024-12-14 15:33:57,619 [Worker-5: Importing Maven projects] INFO  o.e.m.j.i.AbstractJavaProjectConfigurator - Adding resource folder /carmanagement/src/main/resources
2024-12-14 15:33:57,621 [Worker-5: Importing Maven projects] INFO  o.e.m.j.i.AbstractJavaProjectConfigurator - Adding resource folder /carmanagement/src/main/resources
2024-12-14 15:33:57,621 [Worker-5: Importing Maven projects] INFO  o.e.m.j.i.AbstractJavaProjectConfigurator - Adding source folder /carmanagement/src/test/java
2024-12-14 15:33:57,623 [Worker-5: Importing Maven projects] INFO  o.e.m.j.i.AbstractJavaProjectConfigurator - Adding resource folder /carmanagement/src/test/resources
2024-12-14 15:33:58,508 [Worker-5: Importing Maven projects] INFO  o.e.m.j.i.AbstractJavaProjectConfigurator - Adding source folder /LoginService/src/main/java
2024-12-14 15:33:58,511 [Worker-5: Importing Maven projects] INFO  o.e.m.j.i.AbstractJavaProjectConfigurator - Adding resource folder /LoginService/src/main/resources
2024-12-14 15:33:58,513 [Worker-5: Importing Maven projects] INFO  o.e.m.j.i.AbstractJavaProjectConfigurator - Adding resource folder /LoginService/src/main/resources
2024-12-14 15:33:58,513 [Worker-5: Importing Maven projects] INFO  o.e.m.j.i.AbstractJavaProjectConfigurator - Adding source folder /LoginService/src/test/java
2024-12-14 15:33:58,516 [Worker-5: Importing Maven projects] INFO  o.e.m.j.i.AbstractJavaProjectConfigurator - Adding resource folder /LoginService/src/test/resources
2024-12-14 15:33:59,374 [Worker-5: Importing Maven projects] INFO  o.e.m.j.i.AbstractJavaProjectConfigurator - Adding source folder /Registration/src/main/java
2024-12-14 15:33:59,376 [Worker-5: Importing Maven projects] INFO  o.e.m.j.i.AbstractJavaProjectConfigurator - Adding resource folder /Registration/src/main/resources
2024-12-14 15:33:59,377 [Worker-5: Importing Maven projects] INFO  o.e.m.j.i.AbstractJavaProjectConfigurator - Adding resource folder /Registration/src/main/resources
2024-12-14 15:33:59,378 [Worker-5: Importing Maven projects] INFO  o.e.m.j.i.AbstractJavaProjectConfigurator - Adding source folder /Registration/src/test/java
2024-12-14 15:33:59,380 [Worker-5: Importing Maven projects] INFO  o.e.m.j.i.AbstractJavaProjectConfigurator - Adding resource folder /Registration/src/test/resources
2024-12-14 15:34:00,277 [Worker-5: Importing Maven projects] INFO  o.e.m.j.i.AbstractJavaProjectConfigurator - Adding source folder /BookingService/src/main/java
2024-12-14 15:34:00,279 [Worker-5: Importing Maven projects] INFO  o.e.m.j.i.AbstractJavaProjectConfigurator - Adding resource folder /BookingService/src/main/resources
2024-12-14 15:34:00,282 [Worker-5: Importing Maven projects] INFO  o.e.m.j.i.AbstractJavaProjectConfigurator - Adding resource folder /BookingService/src/main/resources
2024-12-14 15:34:00,283 [Worker-5: Importing Maven projects] INFO  o.e.m.j.i.AbstractJavaProjectConfigurator - Adding source folder /BookingService/src/test/java
2024-12-14 15:34:00,285 [Worker-5: Importing Maven projects] INFO  o.e.m.j.i.AbstractJavaProjectConfigurator - Adding resource folder /BookingService/src/test/resources
2024-12-14 15:34:00,939 [Worker-5: Importing Maven projects] INFO  o.e.m.c.i.p.ProjectConfigurationManager - Imported and configured 5 project(s) in 14 sec
2024-12-14 15:34:01,097 [Worker-4: Updating Maven Project] INFO  o.e.m.c.i.p.ProjectConfigurationManager - Update started
2024-12-14 15:34:04,044 [Worker-4: Updating Maven Project] INFO  o.e.m.c.i.l.LifecycleMappingFactory - Using org.eclipse.m2e.jdt.JarLifecycleMapping lifecycle mapping for MavenProject: com.example:BookingService:0.0.1-SNAPSHOT @ C:\Users\adityraj\OneDrive - Capgemini\Desktop\Project\my-backend\BookingService 1\BookingService\pom.xml.
2024-12-14 15:34:04,931 [Worker-4: Updating Maven Project] INFO  o.e.m.c.i.l.LifecycleMappingFactory - Using org.eclipse.m2e.jdt.JarLifecycleMapping lifecycle mapping for MavenProject: com.example:LoginService:0.0.1-SNAPSHOT @ C:\Users\adityraj\OneDrive - Capgemini\Desktop\Project\my-backend\LoginService 2\LoginService\pom.xml.
2024-12-14 15:34:05,350 [Worker-4: Updating Maven Project] INFO  o.e.m.c.i.l.LifecycleMappingFactory - Using org.eclipse.m2e.jdt.JarLifecycleMapping lifecycle mapping for MavenProject: com.example:Registration:0.0.1-SNAPSHOT @ C:\Users\adityraj\OneDrive - Capgemini\Desktop\Project\my-backend\Registration 5\Registration\pom.xml.
2024-12-14 15:34:05,669 [Worker-4: Updating Maven Project] INFO  o.e.m.c.i.l.LifecycleMappingFactory - Using org.eclipse.m2e.jdt.JarLifecycleMapping lifecycle mapping for MavenProject: com.casestudy:carmanagement:0.0.1-SNAPSHOT @ C:\Users\adityraj\OneDrive - Capgemini\Desktop\Project\my-backend\CarManagement (3)\CarManagement\pom.xml.
2024-12-14 15:34:08,082 [Worker-4: Updating Maven Project] INFO  o.e.m.j.i.AbstractJavaProjectConfigurator - Adding source folder /BookingService/src/main/java
2024-12-14 15:34:08,084 [Worker-4: Updating Maven Project] INFO  o.e.m.j.i.AbstractJavaProjectConfigurator - Adding resource folder /BookingService/src/main/resources
2024-12-14 15:34:08,086 [Worker-4: Updating Maven Project] INFO  o.e.m.j.i.AbstractJavaProjectConfigurator - Adding resource folder /BookingService/src/main/resources
2024-12-14 15:34:08,086 [Worker-4: Updating Maven Project] INFO  o.e.m.j.i.AbstractJavaProjectConfigurator - Adding source folder /BookingService/src/test/java
2024-12-14 15:34:08,088 [Worker-4: Updating Maven Project] INFO  o.e.m.j.i.AbstractJavaProjectConfigurator - Adding resource folder /BookingService/src/test/resources
2024-12-14 15:34:08,801 [Worker-4: Updating Maven Project] INFO  o.e.m.j.i.AbstractJavaProjectConfigurator - Adding source folder /LoginService/src/main/java
2024-12-14 15:34:08,803 [Worker-4: Updating Maven Project] INFO  o.e.m.j.i.AbstractJavaProjectConfigurator - Adding resource folder /LoginService/src/main/resources
2024-12-14 15:34:08,805 [Worker-4: Updating Maven Project] INFO  o.e.m.j.i.AbstractJavaProjectConfigurator - Adding resource folder /LoginService/src/main/resources
2024-12-14 15:34:08,805 [Worker-4: Updating Maven Project] INFO  o.e.m.j.i.AbstractJavaProjectConfigurator - Adding source folder /LoginService/src/test/java
2024-12-14 15:34:08,807 [Worker-4: Updating Maven Project] INFO  o.e.m.j.i.AbstractJavaProjectConfigurator - Adding resource folder /LoginService/src/test/resources
2024-12-14 15:34:09,520 [Worker-4: Updating Maven Project] INFO  o.e.m.j.i.AbstractJavaProjectConfigurator - Adding source folder /Registration/src/main/java
2024-12-14 15:34:09,522 [Worker-4: Updating Maven Project] INFO  o.e.m.j.i.AbstractJavaProjectConfigurator - Adding resource folder /Registration/src/main/resources
2024-12-14 15:34:09,524 [Worker-4: Updating Maven Project] INFO  o.e.m.j.i.AbstractJavaProjectConfigurator - Adding resource folder /Registration/src/main/resources
2024-12-14 15:34:09,525 [Worker-4: Updating Maven Project] INFO  o.e.m.j.i.AbstractJavaProjectConfigurator - Adding source folder /Registration/src/test/java
2024-12-14 15:34:09,527 [Worker-4: Updating Maven Project] INFO  o.e.m.j.i.AbstractJavaProjectConfigurator - Adding resource folder /Registration/src/test/resources
2024-12-14 15:34:10,194 [Worker-4: Updating Maven Project] INFO  o.e.m.j.i.AbstractJavaProjectConfigurator - Adding source folder /carmanagement/src/main/java
2024-12-14 15:34:10,197 [Worker-4: Updating Maven Project] INFO  o.e.m.j.i.AbstractJavaProjectConfigurator - Adding resource folder /carmanagement/src/main/resources
2024-12-14 15:34:10,200 [Worker-4: Updating Maven Project] INFO  o.e.m.j.i.AbstractJavaProjectConfigurator - Adding resource folder /carmanagement/src/main/resources
2024-12-14 15:34:10,201 [Worker-4: Updating Maven Project] INFO  o.e.m.j.i.AbstractJavaProjectConfigurator - Adding source folder /carmanagement/src/test/java
2024-12-14 15:34:10,204 [Worker-4: Updating Maven Project] INFO  o.e.m.j.i.AbstractJavaProjectConfigurator - Adding resource folder /carmanagement/src/test/resources
2024-12-14 15:34:11,399 [Worker-4: Updating Maven Project] INFO  o.e.m.c.i.p.ProjectConfigurationManager - Update completed for 4 poms: local refresh takes 0.00 sec, refresh facades takes 6.00 sec, update config takes 2.00 sec 
2024-12-14 15:34:12,426 [Worker-3: Building] INFO  o.a.m.s.f.DefaultMavenResourcesFiltering - Copying 1 resource from src\main\resources to target\classes
2024-12-14 15:34:12,449 [Worker-3: Building] INFO  o.a.m.s.f.DefaultMavenResourcesFiltering - Copying 0 resource from src\main\resources to target\classes
2024-12-14 15:34:12,455 [Worker-3: Building] INFO  o.a.m.s.f.DefaultMavenResourcesFiltering - skip non existing resourceDirectory C:\Users\adityraj\OneDrive - Capgemini\Desktop\Project\my-backend\BookingService 1\BookingService\src\test\resources
2024-12-14 15:34:13,617 [Worker-3: Building] INFO  o.a.m.s.f.DefaultMavenResourcesFiltering - Copying 1 resource from src\main\resources to target\classes
2024-12-14 15:34:13,640 [Worker-3: Building] INFO  o.a.m.s.f.DefaultMavenResourcesFiltering - Copying 0 resource from src\main\resources to target\classes
2024-12-14 15:34:13,648 [Worker-3: Building] INFO  o.a.m.s.f.DefaultMavenResourcesFiltering - skip non existing resourceDirectory C:\Users\adityraj\OneDrive - Capgemini\Desktop\Project\my-backend\LoginService 2\LoginService\src\test\resources
2024-12-14 15:34:14,116 [Worker-3: Building] INFO  o.a.m.s.f.DefaultMavenResourcesFiltering - Copying 1 resource from src\main\resources to target\classes
2024-12-14 15:34:14,137 [Worker-3: Building] INFO  o.a.m.s.f.DefaultMavenResourcesFiltering - Copying 0 resource from src\main\resources to target\classes
2024-12-14 15:34:14,145 [Worker-3: Building] INFO  o.a.m.s.f.DefaultMavenResourcesFiltering - skip non existing resourceDirectory C:\Users\adityraj\OneDrive - Capgemini\Desktop\Project\my-backend\Registration 5\Registration\src\test\resources
2024-12-14 15:34:14,658 [Worker-3: Building] INFO  o.a.m.s.f.DefaultMavenResourcesFiltering - Copying 1 resource from src\main\resources to target\classes
2024-12-14 15:34:14,680 [Worker-3: Building] INFO  o.a.m.s.f.DefaultMavenResourcesFiltering - Copying 0 resource from src\main\resources to target\classes
2024-12-14 15:34:14,686 [Worker-3: Building] INFO  o.a.m.s.f.DefaultMavenResourcesFiltering - skip non existing resourceDirectory C:\Users\adityraj\OneDrive - Capgemini\Desktop\Project\my-backend\CarManagement (3)\CarManagement\src\test\resources
2024-12-14 15:49:14,708 [Worker-4: Building] INFO  o.a.m.s.f.DefaultMavenResourcesFiltering - Copying 1 resource from src\main\resources to target\classes
2024-12-14 15:49:14,716 [Worker-4: Building] INFO  o.a.m.s.f.DefaultMavenResourcesFiltering - Copying 0 resource from src\main\resources to target\classes
2024-12-14 15:49:14,721 [Worker-4: Building] INFO  o.a.m.s.f.DefaultMavenResourcesFiltering - skip non existing resourceDirectory C:\Users\adityraj\OneDrive - Capgemini\Desktop\Project\my-backend\BookingService 1\BookingService\src\test\resources
2024-12-14 15:50:19,178 [Worker-11: Building] INFO  o.a.m.s.f.DefaultMavenResourcesFiltering - Copying 1 resource from src\main\resources to target\classes
2024-12-14 15:50:19,194 [Worker-11: Building] INFO  o.a.m.s.f.DefaultMavenResourcesFiltering - Copying 0 resource from src\main\resources to target\classes
2024-12-14 15:50:19,201 [Worker-11: Building] INFO  o.a.m.s.f.DefaultMavenResourcesFiltering - skip non existing resourceDirectory C:\Users\adityraj\OneDrive - Capgemini\Desktop\Project\my-backend\LoginService 2\LoginService\src\test\resources
2024-12-14 15:50:35,859 [Worker-11: Building] INFO  o.a.m.s.f.DefaultMavenResourcesFiltering - Copying 1 resource from src\main\resources to target\classes
2024-12-14 15:50:35,867 [Worker-11: Building] INFO  o.a.m.s.f.DefaultMavenResourcesFiltering - Copying 0 resource from src\main\resources to target\classes
2024-12-14 15:50:35,870 [Worker-11: Building] INFO  o.a.m.s.f.DefaultMavenResourcesFiltering - skip non existing resourceDirectory C:\Users\adityraj\OneDrive - Capgemini\Desktop\Project\my-backend\Registration 5\Registration\src\test\resources
2024-12-14 22:46:15,451 [Worker-49: Building] INFO  o.a.m.s.f.DefaultMavenResourcesFiltering - Copying 1 resource from src\main\resources to target\classes
2024-12-14 22:46:15,497 [Worker-49: Building] INFO  o.a.m.s.f.DefaultMavenResourcesFiltering - Copying 0 resource from src\main\resources to target\classes
2024-12-14 22:46:15,505 [Worker-49: Building] INFO  o.a.m.s.f.DefaultMavenResourcesFiltering - skip non existing resourceDirectory C:\Users\adityraj\OneDrive - Capgemini\Desktop\Project\my-backend\BookingService 1\BookingService\src\test\resources
2024-12-14 22:47:42,463 [Worker-54: Building] INFO  o.a.m.s.f.DefaultMavenResourcesFiltering - Copying 1 resource from src\main\resources to target\classes
2024-12-14 22:47:42,474 [Worker-54: Building] INFO  o.a.m.s.f.DefaultMavenResourcesFiltering - Copying 0 resource from src\main\resources to target\classes
2024-12-14 22:47:42,478 [Worker-54: Building] INFO  o.a.m.s.f.DefaultMavenResourcesFiltering - skip non existing resourceDirectory C:\Users\adityraj\OneDrive - Capgemini\Desktop\Project\my-backend\CarManagement (3)\CarManagement\src\test\resources
2024-12-14 22:49:24,197 [Worker-56: Building] INFO  o.a.m.s.f.DefaultMavenResourcesFiltering - Copying 1 resource from src\main\resources to target\classes
2024-12-14 22:49:24,209 [Worker-56: Building] INFO  o.a.m.s.f.DefaultMavenResourcesFiltering - Copying 0 resource from src\main\resources to target\classes
2024-12-14 22:49:24,216 [Worker-56: Building] INFO  o.a.m.s.f.DefaultMavenResourcesFiltering - skip non existing resourceDirectory C:\Users\adityraj\OneDrive - Capgemini\Desktop\Project\my-backend\CarManagement (3)\CarManagement\src\test\resources
2024-12-14 22:49:56,637 [Worker-51: Building] INFO  o.a.m.s.f.DefaultMavenResourcesFiltering - Copying 1 resource from src\main\resources to target\classes
2024-12-14 22:49:56,646 [Worker-51: Building] INFO  o.a.m.s.f.DefaultMavenResourcesFiltering - Copying 0 resource from src\main\resources to target\classes
2024-12-14 22:49:56,651 [Worker-51: Building] INFO  o.a.m.s.f.DefaultMavenResourcesFiltering - skip non existing resourceDirectory C:\Users\adityraj\OneDrive - Capgemini\Desktop\Project\my-backend\CarManagement (3)\CarManagement\src\test\resources
2024-12-14 22:55:45,858 [Worker-59: Building] INFO  o.a.m.s.f.DefaultMavenResourcesFiltering - Copying 1 resource from src\main\resources to target\classes
2024-12-14 22:55:45,866 [Worker-59: Building] INFO  o.a.m.s.f.DefaultMavenResourcesFiltering - Copying 0 resource from src\main\resources to target\classes
2024-12-14 22:55:45,870 [Worker-59: Building] INFO  o.a.m.s.f.DefaultMavenResourcesFiltering - skip non existing resourceDirectory C:\Users\adityraj\OneDrive - Capgemini\Desktop\Project\my-backend\CarManagement (3)\CarManagement\src\test\resources
2024-12-14 22:55:57,446 [Worker-59: Building] INFO  o.a.m.s.f.DefaultMavenResourcesFiltering - Copying 1 resource from src\main\resources to target\classes
2024-12-14 22:55:57,455 [Worker-59: Building] INFO  o.a.m.s.f.DefaultMavenResourcesFiltering - Copying 0 resource from src\main\resources to target\classes
2024-12-14 22:55:57,461 [Worker-59: Building] INFO  o.a.m.s.f.DefaultMavenResourcesFiltering - skip non existing resourceDirectory C:\Users\adityraj\OneDrive - Capgemini\Desktop\Project\my-backend\CarManagement (3)\CarManagement\src\test\resources
2024-12-14 22:57:30,981 [Worker-50: Building] INFO  o.a.m.s.f.DefaultMavenResourcesFiltering - Copying 1 resource from src\main\resources to target\classes
2024-12-14 22:57:30,993 [Worker-50: Building] INFO  o.a.m.s.f.DefaultMavenResourcesFiltering - Copying 0 resource from src\main\resources to target\classes
2024-12-14 22:57:30,998 [Worker-50: Building] INFO  o.a.m.s.f.DefaultMavenResourcesFiltering - skip non existing resourceDirectory C:\Users\adityraj\OneDrive - Capgemini\Desktop\Project\my-backend\CarManagement (3)\CarManagement\src\test\resources
2024-12-14 22:57:45,536 [Worker-60: Building] INFO  o.a.m.s.f.DefaultMavenResourcesFiltering - Copying 1 resource from src\main\resources to target\classes
2024-12-14 22:57:45,542 [Worker-60: Building] INFO  o.a.m.s.f.DefaultMavenResourcesFiltering - Copying 0 resource from src\main\resources to target\classes
2024-12-14 22:57:45,546 [Worker-60: Building] INFO  o.a.m.s.f.DefaultMavenResourcesFiltering - skip non existing resourceDirectory C:\Users\adityraj\OneDrive - Capgemini\Desktop\Project\my-backend\CarManagement (3)\CarManagement\src\test\resources
2024-12-14 22:58:46,652 [Worker-63: Building] INFO  o.a.m.s.f.DefaultMavenResourcesFiltering - Copying 1 resource from src\main\resources to target\classes
2024-12-14 22:58:46,662 [Worker-63: Building] INFO  o.a.m.s.f.DefaultMavenResourcesFiltering - Copying 0 resource from src\main\resources to target\classes
2024-12-14 22:58:46,665 [Worker-63: Building] INFO  o.a.m.s.f.DefaultMavenResourcesFiltering - skip non existing resourceDirectory C:\Users\adityraj\OneDrive - Capgemini\Desktop\Project\my-backend\BookingService 1\BookingService\src\test\resources
2024-12-14 22:58:49,060 [Worker-50: Building] INFO  o.a.m.s.f.DefaultMavenResourcesFiltering - Copying 1 resource from src\main\resources to target\classes
2024-12-14 22:58:49,071 [Worker-50: Building] INFO  o.a.m.s.f.DefaultMavenResourcesFiltering - Copying 0 resource from src\main\resources to target\classes
2024-12-14 22:58:49,077 [Worker-50: Building] INFO  o.a.m.s.f.DefaultMavenResourcesFiltering - skip non existing resourceDirectory C:\Users\adityraj\OneDrive - Capgemini\Desktop\Project\my-backend\CarManagement (3)\CarManagement\src\test\resources
2024-12-14 22:59:47,583 [Worker-59: Building] INFO  o.a.m.s.f.DefaultMavenResourcesFiltering - Copying 1 resource from src\main\resources to target\classes
2024-12-14 22:59:47,591 [Worker-59: Building] INFO  o.a.m.s.f.DefaultMavenResourcesFiltering - Copying 0 resource from src\main\resources to target\classes
2024-12-14 22:59:47,595 [Worker-59: Building] INFO  o.a.m.s.f.DefaultMavenResourcesFiltering - skip non existing resourceDirectory C:\Users\adityraj\OneDrive - Capgemini\Desktop\Project\my-backend\CarManagement (3)\CarManagement\src\test\resources
2024-12-14 23:02:21,450 [Worker-63: Building] INFO  o.a.m.s.f.DefaultMavenResourcesFiltering - Copying 1 resource from src\main\resources to target\classes
2024-12-14 23:02:21,460 [Worker-63: Building] INFO  o.a.m.s.f.DefaultMavenResourcesFiltering - Copying 0 resource from src\main\resources to target\classes
2024-12-14 23:02:21,465 [Worker-63: Building] INFO  o.a.m.s.f.DefaultMavenResourcesFiltering - skip non existing resourceDirectory C:\Users\adityraj\OneDrive - Capgemini\Desktop\Project\my-backend\BookingService 1\BookingService\src\test\resources
2024-12-14 23:03:31,457 [Worker-64: Building] INFO  o.a.m.s.f.DefaultMavenResourcesFiltering - Copying 1 resource from src\main\resources to target\classes
2024-12-14 23:03:31,467 [Worker-64: Building] INFO  o.a.m.s.f.DefaultMavenResourcesFiltering - Copying 0 resource from src\main\resources to target\classes
2024-12-14 23:03:31,472 [Worker-64: Building] INFO  o.a.m.s.f.DefaultMavenResourcesFiltering - skip non existing resourceDirectory C:\Users\adityraj\OneDrive - Capgemini\Desktop\Project\my-backend\CarManagement (3)\CarManagement\src\test\resources
2024-12-14 23:03:37,280 [Worker-60: Building] INFO  o.a.m.s.f.DefaultMavenResourcesFiltering - Copying 1 resource from src\main\resources to target\classes
2024-12-14 23:03:37,289 [Worker-60: Building] INFO  o.a.m.s.f.DefaultMavenResourcesFiltering - Copying 0 resource from src\main\resources to target\classes
2024-12-14 23:03:37,294 [Worker-60: Building] INFO  o.a.m.s.f.DefaultMavenResourcesFiltering - skip non existing resourceDirectory C:\Users\adityraj\OneDrive - Capgemini\Desktop\Project\my-backend\BookingService 1\BookingService\src\test\resources
2024-12-14 23:03:41,557 [Worker-66: Building] INFO  o.a.m.s.f.DefaultMavenResourcesFiltering - Copying 1 resource from src\main\resources to target\classes
2024-12-14 23:03:41,565 [Worker-66: Building] INFO  o.a.m.s.f.DefaultMavenResourcesFiltering - Copying 0 resource from src\main\resources to target\classes
2024-12-14 23:03:41,569 [Worker-66: Building] INFO  o.a.m.s.f.DefaultMavenResourcesFiltering - skip non existing resourceDirectory C:\Users\adityraj\OneDrive - Capgemini\Desktop\Project\my-backend\BookingService 1\BookingService\src\test\resources
2024-12-14 23:03:46,652 [Worker-63: Building] INFO  o.a.m.s.f.DefaultMavenResourcesFiltering - Copying 1 resource from src\main\resources to target\classes
2024-12-14 23:03:46,664 [Worker-63: Building] INFO  o.a.m.s.f.DefaultMavenResourcesFiltering - Copying 0 resource from src\main\resources to target\classes
2024-12-14 23:03:46,668 [Worker-63: Building] INFO  o.a.m.s.f.DefaultMavenResourcesFiltering - skip non existing resourceDirectory C:\Users\adityraj\OneDrive - Capgemini\Desktop\Project\my-backend\CarManagement (3)\CarManagement\src\test\resources
2024-12-14 23:03:51,892 [Worker-65: Building] INFO  o.a.m.s.f.DefaultMavenResourcesFiltering - Copying 1 resource from src\main\resources to target\classes
2024-12-14 23:03:51,900 [Worker-65: Building] INFO  o.a.m.s.f.DefaultMavenResourcesFiltering - Copying 0 resource from src\main\resources to target\classes
2024-12-14 23:03:51,905 [Worker-65: Building] INFO  o.a.m.s.f.DefaultMavenResourcesFiltering - skip non existing resourceDirectory C:\Users\adityraj\OneDrive - Capgemini\Desktop\Project\my-backend\CarManagement (3)\CarManagement\src\test\resources
2024-12-14 23:03:55,847 [Worker-60: Building] INFO  o.a.m.s.f.DefaultMavenResourcesFiltering - Copying 1 resource from src\main\resources to target\classes
2024-12-14 23:03:55,857 [Worker-60: Building] INFO  o.a.m.s.f.DefaultMavenResourcesFiltering - Copying 0 resource from src\main\resources to target\classes
2024-12-14 23:03:55,862 [Worker-60: Building] INFO  o.a.m.s.f.DefaultMavenResourcesFiltering - skip non existing resourceDirectory C:\Users\adityraj\OneDrive - Capgemini\Desktop\Project\my-backend\BookingService 1\BookingService\src\test\resources
2024-12-14 23:52:52,060 [Worker-71: Building] INFO  o.a.m.s.f.DefaultMavenResourcesFiltering - Copying 1 resource from src\main\resources to target\classes
2024-12-14 23:52:52,070 [Worker-71: Building] INFO  o.a.m.s.f.DefaultMavenResourcesFiltering - Copying 0 resource from src\main\resources to target\classes
2024-12-14 23:52:52,073 [Worker-71: Building] INFO  o.a.m.s.f.DefaultMavenResourcesFiltering - skip non existing resourceDirectory C:\Users\adityraj\OneDrive - Capgemini\Desktop\Project\my-backend\Registration 5\Registration\src\test\resources
2024-12-15 17:16:10,116 [Worker-104: Launching carmanagement - CarManagementApplication] INFO  o.a.m.s.f.DefaultMavenResourcesFiltering - Copying 1 resource from src\main\resources to target\classes
2024-12-15 17:16:10,197 [Worker-104: Launching carmanagement - CarManagementApplication] INFO  o.a.m.s.f.DefaultMavenResourcesFiltering - Copying 0 resource from src\main\resources to target\classes
2024-12-15 17:16:10,208 [Worker-104: Launching carmanagement - CarManagementApplication] INFO  o.a.m.s.f.DefaultMavenResourcesFiltering - skip non existing resourceDirectory C:\Users\adityraj\OneDrive - Capgemini\Desktop\Project\my-backend\CarManagement (3)\CarManagement\src\test\resources
2024-12-15 17:20:46,857 [Worker-107: Building] INFO  o.a.m.s.f.DefaultMavenResourcesFiltering - Copying 1 resource from src\main\resources to target\classes
2024-12-15 17:20:46,872 [Worker-107: Building] INFO  o.a.m.s.f.DefaultMavenResourcesFiltering - Copying 0 resource from src\main\resources to target\classes
2024-12-15 17:20:46,878 [Worker-107: Building] INFO  o.a.m.s.f.DefaultMavenResourcesFiltering - skip non existing resourceDirectory C:\Users\adityraj\OneDrive - Capgemini\Desktop\Project\my-backend\CarManagement (3)\CarManagement\src\test\resources
2024-12-15 17:20:48,423 [Worker-102: Building] INFO  o.a.m.s.f.DefaultMavenResourcesFiltering - Copying 1 resource from src\main\resources to target\classes
2024-12-15 17:20:48,434 [Worker-102: Building] INFO  o.a.m.s.f.DefaultMavenResourcesFiltering - Copying 0 resource from src\main\resources to target\classes
2024-12-15 17:20:48,438 [Worker-102: Building] INFO  o.a.m.s.f.DefaultMavenResourcesFiltering - skip non existing resourceDirectory C:\Users\adityraj\OneDrive - Capgemini\Desktop\Project\my-backend\CarManagement (3)\CarManagement\src\test\resources
2024-12-15 17:20:55,675 [Worker-102: Building] INFO  o.a.m.s.f.DefaultMavenResourcesFiltering - Copying 1 resource from src\main\resources to target\classes
2024-12-15 17:20:55,685 [Worker-102: Building] INFO  o.a.m.s.f.DefaultMavenResourcesFiltering - Copying 0 resource from src\main\resources to target\classes
2024-12-15 17:20:55,693 [Worker-102: Building] INFO  o.a.m.s.f.DefaultMavenResourcesFiltering - skip non existing resourceDirectory C:\Users\adityraj\OneDrive - Capgemini\Desktop\Project\my-backend\CarManagement (3)\CarManagement\src\test\resources
2024-12-15 17:21:27,805 [Worker-102: Building] INFO  o.a.m.s.f.DefaultMavenResourcesFiltering - Copying 1 resource from src\main\resources to target\classes
2024-12-15 17:21:27,812 [Worker-102: Building] INFO  o.a.m.s.f.DefaultMavenResourcesFiltering - Copying 0 resource from src\main\resources to target\classes
2024-12-15 17:21:27,816 [Worker-102: Building] INFO  o.a.m.s.f.DefaultMavenResourcesFiltering - skip non existing resourceDirectory C:\Users\adityraj\OneDrive - Capgemini\Desktop\Project\my-backend\CarManagement (3)\CarManagement\src\test\resources
2024-12-15 17:21:49,809 [Worker-109: Launching carmanagement - CarManagementApplication] INFO  o.a.m.s.f.DefaultMavenResourcesFiltering - Copying 1 resource from src\main\resources to target\classes
2024-12-15 17:21:49,823 [Worker-109: Launching carmanagement - CarManagementApplication] INFO  o.a.m.s.f.DefaultMavenResourcesFiltering - Copying 0 resource from src\main\resources to target\classes
2024-12-15 17:21:49,829 [Worker-109: Launching carmanagement - CarManagementApplication] INFO  o.a.m.s.f.DefaultMavenResourcesFiltering - skip non existing resourceDirectory C:\Users\adityraj\OneDrive - Capgemini\Desktop\Project\my-backend\CarManagement (3)\CarManagement\src\test\resources
2024-12-15 17:38:09,651 [Worker-110: Building] INFO  o.a.m.s.f.DefaultMavenResourcesFiltering - Copying 1 resource from src\main\resources to target\classes
2024-12-15 17:38:09,666 [Worker-110: Building] INFO  o.a.m.s.f.DefaultMavenResourcesFiltering - Copying 0 resource from src\main\resources to target\classes
2024-12-15 17:38:09,674 [Worker-110: Building] INFO  o.a.m.s.f.DefaultMavenResourcesFiltering - skip non existing resourceDirectory C:\Users\adityraj\OneDrive - Capgemini\Desktop\Project\my-backend\CarManagement (3)\CarManagement\src\test\resources
2024-12-15 17:39:18,115 [Worker-118: Launching carmanagement - CarManagementApplication] INFO  o.a.m.s.f.DefaultMavenResourcesFiltering - Copying 1 resource from src\main\resources to target\classes
2024-12-15 17:39:18,134 [Worker-118: Launching carmanagement - CarManagementApplication] INFO  o.a.m.s.f.DefaultMavenResourcesFiltering - Copying 0 resource from src\main\resources to target\classes
2024-12-15 17:39:18,143 [Worker-118: Launching carmanagement - CarManagementApplication] INFO  o.a.m.s.f.DefaultMavenResourcesFiltering - skip non existing resourceDirectory C:\Users\adityraj\OneDrive - Capgemini\Desktop\Project\my-backend\CarManagement (3)\CarManagement\src\test\resources
2024-12-15 17:43:43,330 [Worker-121: Building] INFO  o.a.m.s.f.DefaultMavenResourcesFiltering - Copying 1 resource from src\main\resources to target\classes
2024-12-15 17:43:43,352 [Worker-121: Building] INFO  o.a.m.s.f.DefaultMavenResourcesFiltering - Copying 0 resource from src\main\resources to target\classes
2024-12-15 17:43:43,361 [Worker-121: Building] INFO  o.a.m.s.f.DefaultMavenResourcesFiltering - skip non existing resourceDirectory C:\Users\adityraj\OneDrive - Capgemini\Desktop\Project\my-backend\CarManagement (3)\CarManagement\src\test\resources
2024-12-15 17:54:45,125 [Worker-122: Building] INFO  o.a.m.s.f.DefaultMavenResourcesFiltering - Copying 1 resource from src\main\resources to target\classes
2024-12-15 17:54:45,137 [Worker-122: Building] INFO  o.a.m.s.f.DefaultMavenResourcesFiltering - Copying 0 resource from src\main\resources to target\classes
2024-12-15 17:54:45,145 [Worker-122: Building] INFO  o.a.m.s.f.DefaultMavenResourcesFiltering - skip non existing resourceDirectory C:\Users\adityraj\OneDrive - Capgemini\Desktop\Project\my-backend\CarManagement (3)\CarManagement\src\test\resources
2024-12-15 17:54:48,478 [Worker-122: Building] INFO  o.a.m.s.f.DefaultMavenResourcesFiltering - Copying 1 resource from src\main\resources to target\classes
2024-12-15 17:54:48,489 [Worker-122: Building] INFO  o.a.m.s.f.DefaultMavenResourcesFiltering - Copying 0 resource from src\main\resources to target\classes
2024-12-15 17:54:48,493 [Worker-122: Building] INFO  o.a.m.s.f.DefaultMavenResourcesFiltering - skip non existing resourceDirectory C:\Users\adityraj\OneDrive - Capgemini\Desktop\Project\my-backend\CarManagement (3)\CarManagement\src\test\resources
2024-12-15 17:55:08,339 [Worker-125: Building] INFO  o.a.m.s.f.DefaultMavenResourcesFiltering - Copying 1 resource from src\main\resources to target\classes
2024-12-15 17:55:08,351 [Worker-125: Building] INFO  o.a.m.s.f.DefaultMavenResourcesFiltering - Copying 0 resource from src\main\resources to target\classes
2024-12-15 17:55:08,356 [Worker-125: Building] INFO  o.a.m.s.f.DefaultMavenResourcesFiltering - skip non existing resourceDirectory C:\Users\adityraj\OneDrive - Capgemini\Desktop\Project\my-backend\CarManagement (3)\CarManagement\src\test\resources
2024-12-15 17:57:20,453 [Worker-121: Building] INFO  o.a.m.s.f.DefaultMavenResourcesFiltering - Copying 1 resource from src\main\resources to target\classes
2024-12-15 17:57:20,463 [Worker-121: Building] INFO  o.a.m.s.f.DefaultMavenResourcesFiltering - Copying 0 resource from src\main\resources to target\classes
2024-12-15 17:57:20,469 [Worker-121: Building] INFO  o.a.m.s.f.DefaultMavenResourcesFiltering - skip non existing resourceDirectory C:\Users\adityraj\OneDrive - Capgemini\Desktop\Project\my-backend\CarManagement (3)\CarManagement\src\test\resources
2024-12-15 17:58:19,983 [Worker-128: Building] INFO  o.a.m.s.f.DefaultMavenResourcesFiltering - Copying 1 resource from src\main\resources to target\classes
2024-12-15 17:58:19,993 [Worker-128: Building] INFO  o.a.m.s.f.DefaultMavenResourcesFiltering - Copying 0 resource from src\main\resources to target\classes
2024-12-15 17:58:20,000 [Worker-128: Building] INFO  o.a.m.s.f.DefaultMavenResourcesFiltering - skip non existing resourceDirectory C:\Users\adityraj\OneDrive - Capgemini\Desktop\Project\my-backend\CarManagement (3)\CarManagement\src\test\resources
2024-12-15 17:58:26,788 [Worker-110: Building] INFO  o.a.m.s.f.DefaultMavenResourcesFiltering - Copying 1 resource from src\main\resources to target\classes
2024-12-15 17:58:26,798 [Worker-110: Building] INFO  o.a.m.s.f.DefaultMavenResourcesFiltering - Copying 0 resource from src\main\resources to target\classes
2024-12-15 17:58:26,802 [Worker-110: Building] INFO  o.a.m.s.f.DefaultMavenResourcesFiltering - skip non existing resourceDirectory C:\Users\adityraj\OneDrive - Capgemini\Desktop\Project\my-backend\CarManagement (3)\CarManagement\src\test\resources
2024-12-15 18:01:11,766 [Worker-126: Building] INFO  o.a.m.s.f.DefaultMavenResourcesFiltering - Copying 1 resource from src\main\resources to target\classes
2024-12-15 18:01:11,778 [Worker-126: Building] INFO  o.a.m.s.f.DefaultMavenResourcesFiltering - Copying 0 resource from src\main\resources to target\classes
2024-12-15 18:01:11,784 [Worker-126: Building] INFO  o.a.m.s.f.DefaultMavenResourcesFiltering - skip non existing resourceDirectory C:\Users\adityraj\OneDrive - Capgemini\Desktop\Project\my-backend\CarManagement (3)\CarManagement\src\test\resources
2024-12-15 18:01:27,964 [Worker-126: Building] INFO  o.a.m.s.f.DefaultMavenResourcesFiltering - Copying 1 resource from src\main\resources to target\classes
2024-12-15 18:01:27,975 [Worker-126: Building] INFO  o.a.m.s.f.DefaultMavenResourcesFiltering - Copying 0 resource from src\main\resources to target\classes
2024-12-15 18:01:27,979 [Worker-126: Building] INFO  o.a.m.s.f.DefaultMavenResourcesFiltering - skip non existing resourceDirectory C:\Users\adityraj\OneDrive - Capgemini\Desktop\Project\my-backend\CarManagement (3)\CarManagement\src\test\resources
2024-12-15 18:01:34,870 [Worker-110: Launching carmanagement - CarManagementApplication] INFO  o.a.m.s.f.DefaultMavenResourcesFiltering - Copying 1 resource from src\main\resources to target\classes
2024-12-15 18:01:34,881 [Worker-110: Launching carmanagement - CarManagementApplication] INFO  o.a.m.s.f.DefaultMavenResourcesFiltering - Copying 0 resource from src\main\resources to target\classes
2024-12-15 18:01:34,885 [Worker-110: Launching carmanagement - CarManagementApplication] INFO  o.a.m.s.f.DefaultMavenResourcesFiltering - skip non existing resourceDirectory C:\Users\adityraj\OneDrive - Capgemini\Desktop\Project\my-backend\CarManagement (3)\CarManagement\src\test\resources
2024-12-15 18:02:59,034 [Worker-132: Building] INFO  o.a.m.s.f.DefaultMavenResourcesFiltering - Copying 1 resource from src\main\resources to target\classes
2024-12-15 18:02:59,047 [Worker-132: Building] INFO  o.a.m.s.f.DefaultMavenResourcesFiltering - Copying 0 resource from src\main\resources to target\classes
2024-12-15 18:02:59,054 [Worker-132: Building] INFO  o.a.m.s.f.DefaultMavenResourcesFiltering - skip non existing resourceDirectory C:\Users\adityraj\OneDrive - Capgemini\Desktop\Project\my-backend\CarManagement (3)\CarManagement\src\test\resources
2024-12-15 18:05:40,839 [Worker-133: Launching carmanagement - CarManagementApplication] INFO  o.a.m.s.f.DefaultMavenResourcesFiltering - Copying 1 resource from src\main\resources to target\classes
2024-12-15 18:05:40,849 [Worker-133: Launching carmanagement - CarManagementApplication] INFO  o.a.m.s.f.DefaultMavenResourcesFiltering - Copying 0 resource from src\main\resources to target\classes
2024-12-15 18:05:40,854 [Worker-133: Launching carmanagement - CarManagementApplication] INFO  o.a.m.s.f.DefaultMavenResourcesFiltering - skip non existing resourceDirectory C:\Users\adityraj\OneDrive - Capgemini\Desktop\Project\my-backend\CarManagement (3)\CarManagement\src\test\resources
2024-12-15 18:12:07,244 [Worker-138: Building] INFO  o.a.m.s.f.DefaultMavenResourcesFiltering - Copying 1 resource from src\main\resources to target\classes
2024-12-15 18:12:07,255 [Worker-138: Building] INFO  o.a.m.s.f.DefaultMavenResourcesFiltering - Copying 0 resource from src\main\resources to target\classes
2024-12-15 18:12:07,262 [Worker-138: Building] INFO  o.a.m.s.f.DefaultMavenResourcesFiltering - skip non existing resourceDirectory C:\Users\adityraj\OneDrive - Capgemini\Desktop\Project\my-backend\CarManagement (3)\CarManagement\src\test\resources
2024-12-15 18:12:14,113 [Worker-138: Launching carmanagement - CarManagementApplication] INFO  o.a.m.s.f.DefaultMavenResourcesFiltering - Copying 1 resource from src\main\resources to target\classes
2024-12-15 18:12:14,125 [Worker-138: Launching carmanagement - CarManagementApplication] INFO  o.a.m.s.f.DefaultMavenResourcesFiltering - Copying 0 resource from src\main\resources to target\classes
2024-12-15 18:12:14,132 [Worker-138: Launching carmanagement - CarManagementApplication] INFO  o.a.m.s.f.DefaultMavenResourcesFiltering - skip non existing resourceDirectory C:\Users\adityraj\OneDrive - Capgemini\Desktop\Project\my-backend\CarManagement (3)\CarManagement\src\test\resources
2024-12-15 18:22:23,748 [Worker-138: Building] INFO  o.a.m.s.f.DefaultMavenResourcesFiltering - Copying 1 resource from src\main\resources to target\classes
2024-12-15 18:22:23,756 [Worker-138: Building] INFO  o.a.m.s.f.DefaultMavenResourcesFiltering - Copying 0 resource from src\main\resources to target\classes
2024-12-15 18:22:23,760 [Worker-138: Building] INFO  o.a.m.s.f.DefaultMavenResourcesFiltering - skip non existing resourceDirectory C:\Users\adityraj\OneDrive - Capgemini\Desktop\Project\my-backend\CarManagement (3)\CarManagement\src\test\resources
2024-12-15 18:22:35,157 [Worker-138: Building] INFO  o.a.m.s.f.DefaultMavenResourcesFiltering - Copying 1 resource from src\main\resources to target\classes
2024-12-15 18:22:35,166 [Worker-138: Building] INFO  o.a.m.s.f.DefaultMavenResourcesFiltering - Copying 0 resource from src\main\resources to target\classes
2024-12-15 18:22:35,171 [Worker-138: Building] INFO  o.a.m.s.f.DefaultMavenResourcesFiltering - skip non existing resourceDirectory C:\Users\adityraj\OneDrive - Capgemini\Desktop\Project\my-backend\CarManagement (3)\CarManagement\src\test\resources
2024-12-15 18:24:04,022 [Worker-142: Building] INFO  o.a.m.s.f.DefaultMavenResourcesFiltering - Copying 1 resource from src\main\resources to target\classes
2024-12-15 18:24:04,031 [Worker-142: Building] INFO  o.a.m.s.f.DefaultMavenResourcesFiltering - Copying 0 resource from src\main\resources to target\classes
2024-12-15 18:24:04,035 [Worker-142: Building] INFO  o.a.m.s.f.DefaultMavenResourcesFiltering - skip non existing resourceDirectory C:\Users\adityraj\OneDrive - Capgemini\Desktop\Project\my-backend\CarManagement (3)\CarManagement\src\test\resources
2024-12-15 18:24:05,476 [Worker-144: Building] INFO  o.a.m.s.f.DefaultMavenResourcesFiltering - Copying 1 resource from src\main\resources to target\classes
2024-12-15 18:24:05,486 [Worker-144: Building] INFO  o.a.m.s.f.DefaultMavenResourcesFiltering - Copying 0 resource from src\main\resources to target\classes
2024-12-15 18:24:05,493 [Worker-144: Building] INFO  o.a.m.s.f.DefaultMavenResourcesFiltering - skip non existing resourceDirectory C:\Users\adityraj\OneDrive - Capgemini\Desktop\Project\my-backend\CarManagement (3)\CarManagement\src\test\resources
2024-12-15 18:25:18,002 [Worker-145: Building] INFO  o.a.m.s.f.DefaultMavenResourcesFiltering - Copying 1 resource from src\main\resources to target\classes
2024-12-15 18:25:18,019 [Worker-145: Building] INFO  o.a.m.s.f.DefaultMavenResourcesFiltering - Copying 0 resource from src\main\resources to target\classes
2024-12-15 18:25:18,027 [Worker-145: Building] INFO  o.a.m.s.f.DefaultMavenResourcesFiltering - skip non existing resourceDirectory C:\Users\adityraj\OneDrive - Capgemini\Desktop\Project\my-backend\CarManagement (3)\CarManagement\src\test\resources
2024-12-15 18:26:15,865 [Worker-145: Building] INFO  o.a.m.s.f.DefaultMavenResourcesFiltering - Copying 1 resource from src\main\resources to target\classes
2024-12-15 18:26:15,871 [Worker-145: Building] INFO  o.a.m.s.f.DefaultMavenResourcesFiltering - Copying 0 resource from src\main\resources to target\classes
2024-12-15 18:26:15,874 [Worker-145: Building] INFO  o.a.m.s.f.DefaultMavenResourcesFiltering - skip non existing resourceDirectory C:\Users\adityraj\OneDrive - Capgemini\Desktop\Project\my-backend\CarManagement (3)\CarManagement\src\test\resources
2024-12-15 18:29:06,458 [Worker-138: Building] INFO  o.a.m.s.f.DefaultMavenResourcesFiltering - Copying 1 resource from src\main\resources to target\classes
2024-12-15 18:29:06,472 [Worker-138: Building] INFO  o.a.m.s.f.DefaultMavenResourcesFiltering - Copying 0 resource from src\main\resources to target\classes
2024-12-15 18:29:06,478 [Worker-138: Building] INFO  o.a.m.s.f.DefaultMavenResourcesFiltering - skip non existing resourceDirectory C:\Users\adityraj\OneDrive - Capgemini\Desktop\Project\my-backend\CarManagement (3)\CarManagement\src\test\resources
2024-12-15 18:30:37,779 [Worker-151: Building] INFO  o.a.m.s.f.DefaultMavenResourcesFiltering - Copying 1 resource from src\main\resources to target\classes
2024-12-15 18:30:37,790 [Worker-151: Building] INFO  o.a.m.s.f.DefaultMavenResourcesFiltering - Copying 0 resource from src\main\resources to target\classes
2024-12-15 18:30:37,796 [Worker-151: Building] INFO  o.a.m.s.f.DefaultMavenResourcesFiltering - skip non existing resourceDirectory C:\Users\adityraj\OneDrive - Capgemini\Desktop\Project\my-backend\CarManagement (3)\CarManagement\src\test\resources
2024-12-15 18:30:54,535 [Worker-150: Building] INFO  o.a.m.s.f.DefaultMavenResourcesFiltering - Copying 1 resource from src\main\resources to target\classes
2024-12-15 18:30:54,550 [Worker-150: Building] INFO  o.a.m.s.f.DefaultMavenResourcesFiltering - Copying 0 resource from src\main\resources to target\classes
2024-12-15 18:30:54,553 [Worker-150: Building] INFO  o.a.m.s.f.DefaultMavenResourcesFiltering - skip non existing resourceDirectory C:\Users\adityraj\OneDrive - Capgemini\Desktop\Project\my-backend\CarManagement (3)\CarManagement\src\test\resources
2024-12-15 18:31:54,415 [Worker-138: Building] INFO  o.a.m.s.f.DefaultMavenResourcesFiltering - Copying 1 resource from src\main\resources to target\classes
2024-12-15 18:31:54,426 [Worker-138: Building] INFO  o.a.m.s.f.DefaultMavenResourcesFiltering - Copying 0 resource from src\main\resources to target\classes
2024-12-15 18:31:54,432 [Worker-138: Building] INFO  o.a.m.s.f.DefaultMavenResourcesFiltering - skip non existing resourceDirectory C:\Users\adityraj\OneDrive - Capgemini\Desktop\Project\my-backend\CarManagement (3)\CarManagement\src\test\resources
2024-12-15 18:45:01,548 [Worker-143: Building] INFO  o.a.m.s.f.DefaultMavenResourcesFiltering - Copying 1 resource from src\main\resources to target\classes
2024-12-15 18:45:01,562 [Worker-143: Building] INFO  o.a.m.s.f.DefaultMavenResourcesFiltering - Copying 0 resource from src\main\resources to target\classes
2024-12-15 18:45:01,566 [Worker-143: Building] INFO  o.a.m.s.f.DefaultMavenResourcesFiltering - skip non existing resourceDirectory C:\Users\adityraj\OneDrive - Capgemini\Desktop\Project\my-backend\CarManagement (3)\CarManagement\src\test\resources
2024-12-15 18:46:20,710 [Worker-157: Building] INFO  o.a.m.s.f.DefaultMavenResourcesFiltering - Copying 1 resource from src\main\resources to target\classes
2024-12-15 18:46:20,720 [Worker-157: Building] INFO  o.a.m.s.f.DefaultMavenResourcesFiltering - Copying 0 resource from src\main\resources to target\classes
2024-12-15 18:46:20,723 [Worker-157: Building] INFO  o.a.m.s.f.DefaultMavenResourcesFiltering - skip non existing resourceDirectory C:\Users\adityraj\OneDrive - Capgemini\Desktop\Project\my-backend\CarManagement (3)\CarManagement\src\test\resources
2024-12-15 18:48:11,128 [Worker-156: Building] INFO  o.a.m.s.f.DefaultMavenResourcesFiltering - Copying 1 resource from src\main\resources to target\classes
2024-12-15 18:48:11,139 [Worker-156: Building] INFO  o.a.m.s.f.DefaultMavenResourcesFiltering - Copying 0 resource from src\main\resources to target\classes
2024-12-15 18:48:11,143 [Worker-156: Building] INFO  o.a.m.s.f.DefaultMavenResourcesFiltering - skip non existing resourceDirectory C:\Users\adityraj\OneDrive - Capgemini\Desktop\Project\my-backend\CarManagement (3)\CarManagement\src\test\resources
2024-12-15 18:50:27,491 [Worker-161: Building] INFO  o.a.m.s.f.DefaultMavenResourcesFiltering - Copying 1 resource from src\main\resources to target\classes
2024-12-15 18:50:27,505 [Worker-161: Building] INFO  o.a.m.s.f.DefaultMavenResourcesFiltering - Copying 0 resource from src\main\resources to target\classes
2024-12-15 18:50:27,511 [Worker-161: Building] INFO  o.a.m.s.f.DefaultMavenResourcesFiltering - skip non existing resourceDirectory C:\Users\adityraj\OneDrive - Capgemini\Desktop\Project\my-backend\CarManagement (3)\CarManagement\src\test\resources
2024-12-15 18:50:34,153 [Worker-161: Building] INFO  o.a.m.s.f.DefaultMavenResourcesFiltering - Copying 1 resource from src\main\resources to target\classes
2024-12-15 18:50:34,162 [Worker-161: Building] INFO  o.a.m.s.f.DefaultMavenResourcesFiltering - Copying 0 resource from src\main\resources to target\classes
2024-12-15 18:50:34,169 [Worker-161: Building] INFO  o.a.m.s.f.DefaultMavenResourcesFiltering - skip non existing resourceDirectory C:\Users\adityraj\OneDrive - Capgemini\Desktop\Project\my-backend\CarManagement (3)\CarManagement\src\test\resources
2024-12-15 18:50:41,809 [Worker-143: Launching carmanagement - CarManagementApplication] INFO  o.a.m.s.f.DefaultMavenResourcesFiltering - Copying 1 resource from src\main\resources to target\classes
2024-12-15 18:50:41,823 [Worker-143: Launching carmanagement - CarManagementApplication] INFO  o.a.m.s.f.DefaultMavenResourcesFiltering - Copying 0 resource from src\main\resources to target\classes
2024-12-15 18:50:41,831 [Worker-143: Launching carmanagement - CarManagementApplication] INFO  o.a.m.s.f.DefaultMavenResourcesFiltering - skip non existing resourceDirectory C:\Users\adityraj\OneDrive - Capgemini\Desktop\Project\my-backend\CarManagement (3)\CarManagement\src\test\resources
2024-12-15 18:51:23,338 [Worker-163: Building] INFO  o.a.m.s.f.DefaultMavenResourcesFiltering - Copying 1 resource from src\main\resources to target\classes
2024-12-15 18:51:23,348 [Worker-163: Building] INFO  o.a.m.s.f.DefaultMavenResourcesFiltering - Copying 0 resource from src\main\resources to target\classes
2024-12-15 18:51:23,354 [Worker-163: Building] INFO  o.a.m.s.f.DefaultMavenResourcesFiltering - skip non existing resourceDirectory C:\Users\adityraj\OneDrive - Capgemini\Desktop\Project\my-backend\CarManagement (3)\CarManagement\src\test\resources
2024-12-15 18:51:47,840 [Worker-160: Building] INFO  o.a.m.s.f.DefaultMavenResourcesFiltering - Copying 1 resource from src\main\resources to target\classes
2024-12-15 18:51:47,849 [Worker-160: Building] INFO  o.a.m.s.f.DefaultMavenResourcesFiltering - Copying 0 resource from src\main\resources to target\classes
2024-12-15 18:51:47,855 [Worker-160: Building] INFO  o.a.m.s.f.DefaultMavenResourcesFiltering - skip non existing resourceDirectory C:\Users\adityraj\OneDrive - Capgemini\Desktop\Project\my-backend\CarManagement (3)\CarManagement\src\test\resources
2024-12-15 19:11:58,731 [Worker-171: Building] INFO  o.a.m.s.f.DefaultMavenResourcesFiltering - Copying 1 resource from src\main\resources to target\classes
2024-12-15 19:11:58,750 [Worker-171: Building] INFO  o.a.m.s.f.DefaultMavenResourcesFiltering - Copying 0 resource from src\main\resources to target\classes
2024-12-15 19:11:58,756 [Worker-171: Building] INFO  o.a.m.s.f.DefaultMavenResourcesFiltering - skip non existing resourceDirectory C:\Users\adityraj\OneDrive - Capgemini\Desktop\Project\my-backend\BookingService 1\BookingService\src\test\resources
2024-12-15 19:11:58,884 [Worker-171: Building] INFO  o.a.m.s.f.DefaultMavenResourcesFiltering - Copying 1 resource from src\main\resources to target\classes
2024-12-15 19:11:58,897 [Worker-171: Building] INFO  o.a.m.s.f.DefaultMavenResourcesFiltering - Copying 0 resource from src\main\resources to target\classes
2024-12-15 19:11:58,902 [Worker-171: Building] INFO  o.a.m.s.f.DefaultMavenResourcesFiltering - skip non existing resourceDirectory C:\Users\adityraj\OneDrive - Capgemini\Desktop\Project\my-backend\LoginService 2\LoginService\src\test\resources
2024-12-15 19:11:59,058 [Worker-171: Building] INFO  o.a.m.s.f.DefaultMavenResourcesFiltering - Copying 1 resource from src\main\resources to target\classes
2024-12-15 19:11:59,069 [Worker-171: Building] INFO  o.a.m.s.f.DefaultMavenResourcesFiltering - Copying 0 resource from src\main\resources to target\classes
2024-12-15 19:11:59,074 [Worker-171: Building] INFO  o.a.m.s.f.DefaultMavenResourcesFiltering - skip non existing resourceDirectory C:\Users\adityraj\OneDrive - Capgemini\Desktop\Project\my-backend\CarManagement (3)\CarManagement\src\test\resources
